e:\dropbox\src\hpb_bot_plugin\release\hpb_bot_mm.bsc
e:\dropbox\src\hpb_bot_plugin\release\vc140.pdb
e:\dropbox\src\hpb_bot_plugin\release\bot.sbr
e:\dropbox\src\hpb_bot_plugin\release\bot_chat.sbr
e:\dropbox\src\hpb_bot_plugin\release\bot_client.sbr
e:\dropbox\src\hpb_bot_plugin\release\bot_combat.sbr
e:\dropbox\src\hpb_bot_plugin\release\bot_models.sbr
e:\dropbox\src\hpb_bot_plugin\release\bot_navigate.sbr
e:\dropbox\src\hpb_bot_plugin\release\bot_start.sbr
e:\dropbox\src\hpb_bot_plugin\release\dll.sbr
e:\dropbox\src\hpb_bot_plugin\release\engine.sbr
e:\dropbox\src\hpb_bot_plugin\release\h_export.sbr
e:\dropbox\src\hpb_bot_plugin\release\util.sbr
e:\dropbox\src\hpb_bot_plugin\release\waypoint.sbr
e:\dropbox\src\hpb_bot_plugin\release\waypoint.obj
e:\dropbox\src\hpb_bot_plugin\release\util.obj
e:\dropbox\src\hpb_bot_plugin\release\h_export.obj
e:\dropbox\src\hpb_bot_plugin\release\engine.obj
e:\dropbox\src\hpb_bot_plugin\release\dll.obj
e:\dropbox\src\hpb_bot_plugin\release\bot_start.obj
e:\dropbox\src\hpb_bot_plugin\release\bot_navigate.obj
e:\dropbox\src\hpb_bot_plugin\release\bot_models.obj
e:\dropbox\src\hpb_bot_plugin\release\bot_combat.obj
e:\dropbox\src\hpb_bot_plugin\release\bot_client.obj
e:\dropbox\src\hpb_bot_plugin\release\bot_chat.obj
e:\dropbox\src\hpb_bot_plugin\release\bot.obj
e:\dropbox\src\hpb_bot_plugin\release\hpb_bot_mm.lib
e:\dropbox\src\hpb_bot_plugin\release\hpb_bot_mm.exp
e:\dropbox\src\hpb_bot_plugin\release\hpb_bot_mm.dll
e:\dropbox\src\hpb_bot_plugin\.\release\hpb_bot_mm.dll
e:\dropbox\src\hpb_bot_plugin\release\hpb_bot_mm.tlog\bscmake.command.1.tlog
e:\dropbox\src\hpb_bot_plugin\release\hpb_bot_mm.tlog\bscmake.read.1.tlog
e:\dropbox\src\hpb_bot_plugin\release\hpb_bot_mm.tlog\bscmake.write.1.tlog
e:\dropbox\src\hpb_bot_plugin\release\hpb_bot_mm.tlog\cl.command.1.tlog
e:\dropbox\src\hpb_bot_plugin\release\hpb_bot_mm.tlog\cl.read.1.tlog
e:\dropbox\src\hpb_bot_plugin\release\hpb_bot_mm.tlog\cl.write.1.tlog
e:\dropbox\src\hpb_bot_plugin\release\hpb_bot_mm.tlog\hpb_bot_mm.write.1u.tlog
e:\dropbox\src\hpb_bot_plugin\release\hpb_bot_mm.tlog\link.command.1.tlog
e:\dropbox\src\hpb_bot_plugin\release\hpb_bot_mm.tlog\link.read.1.tlog
e:\dropbox\src\hpb_bot_plugin\release\hpb_bot_mm.tlog\link.write.1.tlog
